Testsuite: ContactControllerTest
Tests run: 2, Failures: 0, Errors: 0, Incomplete: 0, Skipped: 0, Time elapsed: 3.93927 s
Testsuite: IndexControllerTest
Tests run: 1, Failures: 0, Errors: 0, Incomplete: 0, Skipped: 0, Time elapsed: 1.67395 s
Testsuite: ErrorControllerTest
Tests run: 5, Failures: 0, Errors: 0, Incomplete: 0, Skipped: 0, Time elapsed: 5.72686 s
Testsuite: ActivityControllerTest
Tests run: 2, Failures: 0, Errors: 0, Incomplete: 0, Skipped: 0, Time elapsed: 3.23601 s
Testsuite: SitemapControllerTest
Tests run: 3, Failures: 0, Errors: 0, Incomplete: 0, Skipped: 0, Time elapsed: 2.61527 s
Testsuite: MaitreCorbeaux_Service_Activity_ItemTest
Tests run: 3, Failures: 0, Errors: 0, Incomplete: 3, Skipped: 0, Time elapsed: 0.04879 s
testImportActivityItem INCOMPLETE
testFetchLast INCOMPLETE
testPaginateAll INCOMPLETE
Testsuite: MaitreCorbeaux_Service_Activity_SourceTest
Tests run: 1, Failures: 0, Errors: 0, Incomplete: 1, Skipped: 0, Time elapsed: 0.02357 s
testFetchAll INCOMPLETE
Testsuite: MaitreCorbeaux_Service_Activity_Import_FacadeTest::testImportFactoryReturnsAnImportInterface
Tests run: 5, Failures: 0, Errors: 0, Incomplete: 0, Skipped: 0, Time elapsed: 0.10990 s
Testsuite: MaitreCorbeaux_Service_Activity_Import_TwitterTest
Tests run: 5, Failures: 0, Errors: 0, Incomplete: 1, Skipped: 0, Time elapsed: 0.18843 s
testImportTwitter INCOMPLETE
Testsuite: MaitreCorbeaux_Service_Activity_Import_AtomTest
Tests run: 1, Failures: 0, Errors: 0, Incomplete: 0, Skipped: 0, Time elapsed: 0.16228 s
Testsuite: MaitreCorbeaux_Service_Activity_Import_RssTest
Tests run: 1, Failures: 0, Errors: 0, Incomplete: 0, Skipped: 0, Time elapsed: 0.14556 s
Testsuite: MaitreCorbeaux_Service_ContactTest::testSendReturnsFalseWithInvalidData
Tests run: 1, Failures: 0, Errors: 0, Incomplete: 0, Skipped: 0, Time elapsed: 0.23043 s
Testsuite: MaitreCorbeaux_Service_ContactTest::testSendReturnsTrueWithValidData
Tests run: 1, Failures: 0, Errors: 0, Incomplete: 0, Skipped: 0, Time elapsed: 0.25890 s
Testsuite: MaitreCorbeaux_View_Helper_TestGoogleAnalytics
Tests run: 6, Failures: 0, Errors: 0, Incomplete: 0, Skipped: 0, Time elapsed: 1.87921 s
Testsuite: MaitreCorbeaux_Model_Collection_Activity_ItemTest::testClearedCollectionIsEmpty
Tests run: 1, Failures: 0, Errors: 0, Incomplete: 0, Skipped: 0, Time elapsed: 0.01980 s
Testsuite: MaitreCorbeaux_Model_Collection_Activity_ItemTest::testAddElementToCollection
Tests run: 1, Failures: 0, Errors: 0, Incomplete: 0, Skipped: 0, Time elapsed: 0.02516 s
Testsuite: MaitreCorbeaux_Model_Collection_Activity_ItemTest::testRemoveElementFromCollection
Tests run: 1, Failures: 0, Errors: 0, Incomplete: 0, Skipped: 0, Time elapsed: 0.03636 s
Testsuite: MaitreCorbeaux_Model_Collection_Activity_ItemTest::testRemoveUnexistentElementFromCollection
Tests run: 1, Failures: 0, Errors: 0, Incomplete: 0, Skipped: 0, Time elapsed: 0.01890 s
Testsuite: MaitreCorbeaux_Model_Collection_Activity_ItemTest::testUnsetElementFromCollection
Tests run: 1, Failures: 0, Errors: 0, Incomplete: 0, Skipped: 0, Time elapsed: 0.02177 s
Testsuite: MaitreCorbeaux_Model_Collection_Activity_ItemTest::testMergeTwoCollections
Tests run: 1, Failures: 0, Errors: 0, Incomplete: 0, Skipped: 0, Time elapsed: 0.03108 s
Testsuite: MaitreCorbeaux_Model_Collection_Activity_ItemTest::testCollectionIsTraversable
Tests run: 1, Failures: 0, Errors: 0, Incomplete: 0, Skipped: 0, Time elapsed: 0.03059 s
Testsuite: MaitreCorbeaux_Model_Collection_Activity_ItemTest::testCollectionIsSeekable
Tests run: 1, Failures: 0, Errors: 0, Incomplete: 0, Skipped: 0, Time elapsed: 0.02939 s
Testsuite: MaitreCorbeaux_Model_Collection_Activity_SourceTest::testClearedCollectionIsEmpty
Tests run: 1, Failures: 0, Errors: 0, Incomplete: 0, Skipped: 0, Time elapsed: 0.02041 s
Testsuite: MaitreCorbeaux_Model_Collection_Activity_SourceTest::testAddElementToCollection
Tests run: 1, Failures: 0, Errors: 0, Incomplete: 0, Skipped: 0, Time elapsed: 0.02535 s
Testsuite: MaitreCorbeaux_Model_Collection_Activity_SourceTest::testRemoveElementFromCollection
Tests run: 1, Failures: 0, Errors: 0, Incomplete: 0, Skipped: 0, Time elapsed: 0.03013 s
Testsuite: MaitreCorbeaux_Model_Collection_Activity_SourceTest::testRemoveUnexistentElementFromCollection
Tests run: 1, Failures: 0, Errors: 0, Incomplete: 0, Skipped: 0, Time elapsed: 0.01716 s
Testsuite: MaitreCorbeaux_Model_Collection_Activity_SourceTest::testUnsetElementFromCollection
Tests run: 1, Failures: 0, Errors: 0, Incomplete: 0, Skipped: 0, Time elapsed: 0.02270 s
Testsuite: MaitreCorbeaux_Model_Collection_Activity_SourceTest::testMergeTwoCollections
Tests run: 1, Failures: 0, Errors: 0, Incomplete: 0, Skipped: 0, Time elapsed: 0.03117 s
Testsuite: MaitreCorbeaux_Model_Collection_Activity_SourceTest::testCollectionIsTraversable
Tests run: 1, Failures: 0, Errors: 0, Incomplete: 0, Skipped: 0, Time elapsed: 0.02777 s
Testsuite: MaitreCorbeaux_Model_Collection_Activity_SourceTest::testCollectionIsSeekable
Tests run: 1, Failures: 0, Errors: 0, Incomplete: 0, Skipped: 0, Time elapsed: 0.02815 s
Testsuite: MaitreCorbeaux_Model_Mapper_Activity_ItemTest::testFindByExternalIdWithExistingActivityItem
Tests run: 2, Failures: 0, Errors: 0, Incomplete: 0, Skipped: 0, Time elapsed: 2.84500 s
Testsuite: MaitreCorbeaux_Model_Mapper_Activity_ItemTest::testFindByExternalIdWithUnexistentActivityItem
Tests run: 3, Failures: 0, Errors: 0, Incomplete: 0, Skipped: 0, Time elapsed: 3.98719 s
Testsuite: MaitreCorbeaux_Model_Mapper_Activity_ItemTest::testSaveValidActivityItem
Tests run: 2, Failures: 0, Errors: 0, Incomplete: 0, Skipped: 0, Time elapsed: 2.38306 s
Testsuite: MaitreCorbeaux_Model_Mapper_Activity_ItemTest::testFetchLastItemsJoinActivitySources
Tests run: 1, Failures: 0, Errors: 0, Incomplete: 0, Skipped: 0, Time elapsed: 1.32894 s
Testsuite: MaitreCorbeaux_Model_Mapper_Activity_ItemTest::testPaginateAllJoinActivitySources
Tests run: 1, Failures: 0, Errors: 0, Incomplete: 0, Skipped: 0, Time elapsed: 1.61906 s
Testsuite: MaitreCorbeaux_Model_Mapper_Activity_SourceTest
Tests run: 1, Failures: 0, Errors: 0, Incomplete: 0, Skipped: 0, Time elapsed: 1.12726 s
Testsuite: MaitreCorbeaux_Model_Activity_ItemTest::testFillModelWithData
Tests run: 1, Failures: 0, Errors: 0, Incomplete: 0, Skipped: 0, Time elapsed: 0.03880 s
Testsuite: MaitreCorbeaux_Model_Activity_SourceTest::testFillModelWithData
Tests run: 1, Failures: 0, Errors: 0, Incomplete: 0, Skipped: 0, Time elapsed: 0.02251 s
